<?xml version='1.0' encoding='UTF-8'?>
<testsuite hostname="DESKTOP-69N0ELQ" name="com.textmatcher.DistributedMatcherTest" tests="4" errors="0" failures="0" skipped="0" time="3.069" timestamp="2025-01-26T16:54:10">
          <properties>
[...]
</properties>
          <testcase classname="com.textmatcher.DistributedMatcherTest" name="handle exact matches" time="1.916">
                      
                    </testcase><testcase classname="com.textmatcher.DistributedMatcherTest" name="handle Hamming distance matches" time="0.276">
                      
                    </testcase><testcase classname="com.textmatcher.DistributedMatcherTest" name="handle edit distance matches" time="0.32">
                      
                    </testcase><testcase classname="com.textmatcher.DistributedMatcherTest" name="batch process documents" time="0.557">
                      
                    </testcase>
          <system-out><![CDATA[]]></system-out>
          <system-err><![CDATA[]]></system-err>
        </testsuite>